<?xml version="1.0" encoding="UTF-8"?>
<!-- Generated by org.testng.reporters.JUnitXMLReporter -->
<testsuite hostname="Admin-PC" ignored="0" name="tamplo5 test" tests="4" failures="0" timestamp="16 Dec 2018 06:55:05 GMT" time="92.464" errors="0">
  <testcase name="loginTestCases" time="1.327" classname="com.tamplo.qa.test.LoginTest"/>
  <testcase name="loginTestCases" time="1.066" classname="com.tamplo.qa.test.LoginTest"/>
  <testcase name="loginTestCases" time="1.036" classname="com.tamplo.qa.test.LoginTest"/>
  <testcase name="verifyDpartmentPage" time="18.78" classname="com.tamplo.qa.test.HomePageTest"/>
</testsuite> <!-- tamplo5 test -->
